----------------------------------------------------------------
Start of logging 2013-05-28 09:07:35 encoding='utf-8'
----------------------------------------------------------------
[09:07:35] I: Current working dir: C:\Documents and Settings\sz1dx6\My Documents\Synergy\ccm_wa\sz1dx61\Chrysler_LWR_EPS_TMS570\Tools\AsrProject\GENy
----------------------------------------------------------------
Start of logging 2013-05-28 09:07:35 encoding='utf-8'
----------------------------------------------------------------
[09:07:35] I: Generator DtcGen.dll version: 03.20.01 (Build: 0001)
[09:07:35] I: Using CDI document 'C:\DOCUME~1\sz1dx6\LOCALS~1\Temp\EPS_PN_4102_EI1555.cdi' ...
[09:07:35] I: Loading 'C:\DOCUME~1\sz1dx6\LOCALS~1\Temp\EPS_PN_4102_EI1555.cdi'...
[09:07:35] I: Checking file 'C:\DOCUME~1\sz1dx6\LOCALS~1\Temp\EPS_PN_4102_EI1555.cdi' against CDI DTD 1.4.1
[09:07:36] I:   dtd version: file 1.4.1, program 1.4.1
[09:07:36] I: Importfile C:\DOCUME~1\sz1dx6\LOCALS~1\Temp\EPS_PN_4102_EI1555.cdi was successfully loaded
[09:07:36] I: done.
[09:07:36] I: FileSignature: 3125094287
[09:07:36] I: Current working dir: C:\Documents and Settings\sz1dx6\My Documents\Synergy\ccm_wa\sz1dx61\Chrysler_LWR_EPS_TMS570\Tools\AsrProject\GENy
----------------------------------------------------------------
Start of logging 2013-05-28 09:07:40 encoding='utf-8'
----------------------------------------------------------------
[09:07:40] I: Current working dir: C:\Documents and Settings\sz1dx6\My Documents\Synergy\ccm_wa\sz1dx61\Chrysler_LWR_EPS_TMS570\Tools\AsrProject\GENy
----------------------------------------------------------------
Start of logging 2013-11-19 10:51:31 encoding='utf-8'
----------------------------------------------------------------
[10:51:31] I: Current working dir: C:\Users\sz1dx6\Documents\Synergy\ccm_wa\sz1dx62\sz1dx61\Chrysler_LWR_EPS_TMS570\Tools\AsrProject\GENy
----------------------------------------------------------------
Start of logging 2014-01-22 13:26:34 encoding='utf-8'
----------------------------------------------------------------
[13:26:34] I: Current working dir: C:\Users\sz1dx6\Documents\Synergy\ccm_wa\sz1dx62\sz1dx61\Chrysler_LWR_EPS_TMS570\Tools\AsrProject\GENy
----------------------------------------------------------------
Start of logging 2014-01-22 13:26:36 encoding='utf-8'
----------------------------------------------------------------
[13:26:36] I: Current working dir: C:\Users\sz1dx6\Documents\Synergy\ccm_wa\sz1dx62\sz1dx61\Chrysler_LWR_EPS_TMS570\Tools\AsrProject\GENy
----------------------------------------------------------------
Start of logging 2014-01-22 13:26:36 encoding='utf-8'
----------------------------------------------------------------
[13:26:36] I: Current working dir: C:\Users\sz1dx6\Documents\Synergy\ccm_wa\sz1dx62\sz1dx61\Chrysler_LWR_EPS_TMS570\Tools\AsrProject\GENy
----------------------------------------------------------------
Start of logging 2014-01-22 13:27:21 encoding='utf-8'
----------------------------------------------------------------
[13:27:21] I: Current working dir: C:\Users\sz1dx6\Documents\Synergy\ccm_wa\sz1dx62\sz1dx61\Chrysler_LWR_EPS_TMS570\Tools\AsrProject\GENy
----------------------------------------------------------------
Start of logging 2014-01-22 13:44:16 encoding='utf-8'
----------------------------------------------------------------
[13:44:16] I: Current working dir: C:\Users\sz1dx6\Documents\Synergy\ccm_wa\sz1dx62\sz1dx61\Chrysler_LWR_EPS_TMS570\Tools\AsrProject\GENy
----------------------------------------------------------------
Start of logging 2014-01-22 13:45:42 encoding='utf-8'
----------------------------------------------------------------
[13:45:42] I: Current working dir: C:\Users\sz1dx6\Documents\Synergy\ccm_wa\sz1dx62\sz1dx61\Chrysler_LWR_EPS_TMS570\Tools\AsrProject\GENy
----------------------------------------------------------------
Start of logging 2014-01-22 14:35:22 encoding='utf-8'
----------------------------------------------------------------
[14:35:22] I: Current working dir: C:\Users\sz1dx6\Documents\Synergy\ccm_wa\sz1dx62\sz1dx61\Chrysler_LWR_EPS_TMS570\Tools\AsrProject\GENy
----------------------------------------------------------------
Start of logging 2014-01-23 15:14:46 encoding='utf-8'
----------------------------------------------------------------
[15:14:46] I: Current working dir: C:\Users\sz1dx6\Documents\Synergy\ccm_wa\sz1dx62\sz1dx61\Chrysler_LWR_EPS_TMS570\Tools\AsrProject\GENy
----------------------------------------------------------------
Start of logging 2014-01-23 15:14:49 encoding='utf-8'
----------------------------------------------------------------
[15:14:49] I: Current working dir: C:\Users\sz1dx6\Documents\Synergy\ccm_wa\sz1dx62\sz1dx61\Chrysler_LWR_EPS_TMS570\Tools\AsrProject\GENy
----------------------------------------------------------------
Start of logging 2014-01-23 15:14:49 encoding='utf-8'
----------------------------------------------------------------
[15:14:49] I: Current working dir: C:\Users\sz1dx6\Documents\Synergy\ccm_wa\sz1dx62\sz1dx61\Chrysler_LWR_EPS_TMS570\Tools\AsrProject\GENy
----------------------------------------------------------------
Start of logging 2014-01-23 15:15:48 encoding='utf-8'
----------------------------------------------------------------
[15:15:48] I: Current working dir: C:\Users\sz1dx6\Documents\Synergy\ccm_wa\sz1dx62\sz1dx61\Chrysler_LWR_EPS_TMS570\Tools\AsrProject\GENy
----------------------------------------------------------------
Start of logging 2014-01-24 13:12:55 encoding='utf-8'
----------------------------------------------------------------
[13:12:55] I: Current working dir: C:\Users\sz1dx6\Documents\Synergy\ccm_wa\sz1dx62\sz1dx61\Chrysler_LWR_EPS_TMS570\Tools\AsrProject\GENy
----------------------------------------------------------------
Start of logging 2014-01-31 11:59:44 encoding='utf-8'
----------------------------------------------------------------
[11:59:44] I: Current working dir: C:\Users\sz1dx6\Documents\Synergy\ccm_wa\sz1dx62\sz1dx61\Chrysler_LWR_EPS_TMS570\Tools\AsrProject\GENy
----------------------------------------------------------------
Start of logging 2014-01-31 11:59:47 encoding='utf-8'
----------------------------------------------------------------
[11:59:47] I: Current working dir: C:\Users\sz1dx6\Documents\Synergy\ccm_wa\sz1dx62\sz1dx61\Chrysler_LWR_EPS_TMS570\Tools\AsrProject\GENy
----------------------------------------------------------------
Start of logging 2014-01-31 12:01:53 encoding='utf-8'
----------------------------------------------------------------
[12:01:53] I: Current working dir: C:\Users\sz1dx6\Documents\Synergy\ccm_wa\sz1dx62\sz1dx61\Chrysler_LWR_EPS_TMS570\Tools\AsrProject\GENy
----------------------------------------------------------------
Start of logging 2014-02-03 13:47:23 encoding='utf-8'
----------------------------------------------------------------
[13:47:23] I: Current working dir: C:\Users\sz1dx6\Documents\Synergy\ccm_wa\sz1dx62\sz1dx61\Chrysler_LWR_EPS_TMS570\Tools\AsrProject\GENy
----------------------------------------------------------------
Start of logging 2014-02-03 13:47:26 encoding='utf-8'
----------------------------------------------------------------
[13:47:26] I: Current working dir: C:\Users\sz1dx6\Documents\Synergy\ccm_wa\sz1dx62\sz1dx61\Chrysler_LWR_EPS_TMS570\Tools\AsrProject\GENy
----------------------------------------------------------------
Start of logging 2014-02-03 15:19:57 encoding='utf-8'
----------------------------------------------------------------
[15:19:57] I: Current working dir: C:\Users\sz1dx6\Documents\Synergy\ccm_wa\sz1dx62\sz1dx61\Chrysler_LWR_EPS_TMS570\Tools\AsrProject\GENy
----------------------------------------------------------------
Start of logging 2014-02-03 15:20:00 encoding='utf-8'
----------------------------------------------------------------
[15:20:00] I: Current working dir: C:\Users\sz1dx6\Documents\Synergy\ccm_wa\sz1dx62\sz1dx61\Chrysler_LWR_EPS_TMS570\Tools\AsrProject\GENy
----------------------------------------------------------------
Start of logging 2014-02-03 15:33:14 encoding='utf-8'
----------------------------------------------------------------
[15:33:14] I: Current working dir: C:\Users\sz1dx6\Documents\Synergy\ccm_wa\sz1dx62\sz1dx61\Chrysler_LWR_EPS_TMS570\Tools\AsrProject\GENy
----------------------------------------------------------------
Start of logging 2014-02-03 15:33:16 encoding='utf-8'
----------------------------------------------------------------
[15:33:16] I: Current working dir: C:\Users\sz1dx6\Documents\Synergy\ccm_wa\sz1dx62\sz1dx61\Chrysler_LWR_EPS_TMS570\Tools\AsrProject\GENy
----------------------------------------------------------------
Start of logging 2014-02-03 15:34:06 encoding='utf-8'
----------------------------------------------------------------
[15:34:06] I: Current working dir: C:\Users\sz1dx6\Documents\Synergy\ccm_wa\sz1dx62\sz1dx61\Chrysler_LWR_EPS_TMS570\Tools\AsrProject\GENy
----------------------------------------------------------------
Start of logging 2014-02-25 17:08:25 encoding='utf-8'
----------------------------------------------------------------
[17:08:25] I: Current working dir: C:\Users\sz1dx6\Documents\Synergy\ccm_wa\sz1dx62\sz1dx61\Chrysler_LWR_EPS_TMS570\Tools\AsrProject\GENy
----------------------------------------------------------------
Start of logging 2014-02-25 17:08:27 encoding='utf-8'
----------------------------------------------------------------
[17:08:27] I: Current working dir: C:\Users\sz1dx6\Documents\Synergy\ccm_wa\sz1dx62\sz1dx61\Chrysler_LWR_EPS_TMS570\Tools\AsrProject\GENy
----------------------------------------------------------------
Start of logging 2014-02-25 17:08:28 encoding='utf-8'
----------------------------------------------------------------
[17:08:28] I: Current working dir: C:\Users\sz1dx6\Documents\Synergy\ccm_wa\sz1dx62\sz1dx61\Chrysler_LWR_EPS_TMS570\Tools\AsrProject\GENy
----------------------------------------------------------------
Start of logging 2014-02-26 11:57:10 encoding='utf-8'
----------------------------------------------------------------
[11:57:10] I: Current working dir: C:\Users\sz1dx6\Documents\Synergy\ccm_wa\sz1dx62\sz1dx61\Chrysler_LWR_EPS_TMS570\Tools\AsrProject\GENy
----------------------------------------------------------------
Start of logging 2014-02-26 11:57:13 encoding='utf-8'
----------------------------------------------------------------
[11:57:13] I: Current working dir: C:\Users\sz1dx6\Documents\Synergy\ccm_wa\sz1dx62\sz1dx61\Chrysler_LWR_EPS_TMS570\Tools\AsrProject\GENy
----------------------------------------------------------------
Start of logging 2014-02-26 11:57:13 encoding='utf-8'
----------------------------------------------------------------
[11:57:13] I: Current working dir: C:\Users\sz1dx6\Documents\Synergy\ccm_wa\sz1dx62\sz1dx61\Chrysler_LWR_EPS_TMS570\Tools\AsrProject\GENy
----------------------------------------------------------------
Start of logging 2014-02-26 11:59:39 encoding='utf-8'
----------------------------------------------------------------
[11:59:39] I: Current working dir: C:\Users\sz1dx6\Documents\Synergy\ccm_wa\sz1dx62\sz1dx61\Chrysler_LWR_EPS_TMS570\Tools\AsrProject\GENy
----------------------------------------------------------------
Start of logging 2014-02-26 12:00:04 encoding='utf-8'
----------------------------------------------------------------
[12:00:04] I: Current working dir: C:\Users\sz1dx6\Documents\Synergy\ccm_wa\sz1dx62\sz1dx61\Chrysler_LWR_EPS_TMS570\Tools\AsrProject\GENy
----------------------------------------------------------------
Start of logging 2014-02-26 12:00:14 encoding='utf-8'
----------------------------------------------------------------
[12:00:14] I: Current working dir: C:\Users\sz1dx6\Documents\Synergy\ccm_wa\sz1dx62\sz1dx61\Chrysler_LWR_EPS_TMS570\Tools\AsrProject\GENy
----------------------------------------------------------------
Start of logging 2014-02-26 12:01:45 encoding='utf-8'
----------------------------------------------------------------
[12:01:45] I: Current working dir: C:\Users\sz1dx6\Documents\Synergy\ccm_wa\sz1dx62\sz1dx61\Chrysler_LWR_EPS_TMS570\Tools\AsrProject\GENy
